Traceback (most recent call last):
  File "/Users/mohammedhossam/Documents/antigravity/serene-pasteur/train.py", line 335, in <module>
    train(args)
    ~~~~~^^^^^^
  File "/Users/mohammedhossam/Documents/antigravity/serene-pasteur/train.py", line 76, in train
    train_data = np.fromfile(f'data/{args.dataset}_train.bin', dtype=np.uint16)
FileNotFoundError: [Errno 2] No such file or directory: 'data/arabic_corpus_train.bin'
Traceback (most recent call last):
  File "/Users/mohammedhossam/Documents/antigravity/serene-pasteur/train.py", line 335, in <module>
    train(args)
    ~~~~~^^^^^^
  File "/Users/mohammedhossam/Documents/antigravity/serene-pasteur/train.py", line 88, in train
    model.load_state_dict(torch.load(args.init_weights, map_location='cpu'))
                          ~~~~~~~~~~^^^^^^^^^^^^^^^^^^^^^^^^^^^^^^^^^^^^^^^
  File "/opt/homebrew/lib/python3.14/site-packages/torch/serialization.py", line 1530, in load
    with _open_file_like(f, "rb") as opened_file:
         ~~~~~~~~~~~~~~~^^^^^^^^^
  File "/opt/homebrew/lib/python3.14/site-packages/torch/serialization.py", line 795, in _open_file_like
    return _open_file(name_or_buffer, mode)
  File "/opt/homebrew/lib/python3.14/site-packages/torch/serialization.py", line 776, in __init__
    super().__init__(open(name, mode))  # noqa: SIM115
                     ~~~~^^^^^^^^^^^^
FileNotFoundError: [Errno 2] No such file or directory: 'models/init_2M.pt'
[b_2M_seed1337_pretrain] step 0 (0 tokens): train 4.8164, val(shake) 4.7991
[b_2M_seed1337_pretrain] step 50 (819200 tokens): train 2.9701, val(shake) 6.3100
[b_2M_seed1337_pretrain] step 100 (1638400 tokens): train 2.7489, val(shake) 4.2185
[b_2M_seed1337_pretrain] step 150 (2457600 tokens): train 2.6894, val(shake) 3.8007
[b_2M_seed1337_pretrain] step 200 (3276800 tokens): train 2.6257, val(shake) 3.7868
[b_2M_seed1337_pretrain] step 250 (4096000 tokens): train 2.5882, val(shake) 3.5183
[b_2M_seed1337_pretrain] step 300 (4915200 tokens): train 2.5764, val(shake) 3.6039
[b_2M_seed1337_pretrain] step 350 (5734400 tokens): train 2.5645, val(shake) 3.4687
[b_2M_seed1337_pretrain] step 400 (6553600 tokens): train 2.5029, val(shake) 3.5698
[b_2M_seed1337_pretrain] step 450 (7372800 tokens): train 2.4385, val(shake) 3.6334
[b_2M_seed1337_pretrain] step 500 (8192000 tokens): train 2.3220, val(shake) 3.5182
[b_2M_seed1337_pretrain] step 550 (9011200 tokens): train 2.1905, val(shake) 3.4172
[b_2M_seed1337_pretrain] step 600 (9830400 tokens): train 2.0878, val(shake) 3.4591
[b_2M_seed1337_pretrain] step 650 (10649600 tokens): train 1.9621, val(shake) 3.5104
[b_2M_seed1337_pretrain] step 700 (11468800 tokens): train 1.8899, val(shake) 3.4653
[b_2M_seed1337_pretrain] step 750 (12288000 tokens): train 1.7919, val(shake) 3.4375
[b_2M_seed1337_pretrain] step 800 (13107200 tokens): train 1.7419, val(shake) 3.4109
[b_2M_seed1337_pretrain] step 850 (13926400 tokens): train 1.6770, val(shake) 3.4057
[b_2M_seed1337_pretrain] step 900 (14745600 tokens): train 1.6336, val(shake) 3.4824
[b_2M_seed1337_pretrain] step 950 (15564800 tokens): train 1.5836, val(shake) 3.4399
[b_2M_seed1337_pretrain] step 1000 (16384000 tokens): train 1.5479, val(shake) 3.4628
[b_2M_seed1337_pretrain] step 1050 (17203200 tokens): train 1.5125, val(shake) 3.3591
[b_2M_seed1337_pretrain] step 1100 (18022400 tokens): train 1.4924, val(shake) 3.4888
[b_2M_seed1337_pretrain] step 1150 (18841600 tokens): train 1.4792, val(shake) 3.5771
[b_2M_seed1337_pretrain] step 1200 (19660800 tokens): train 1.4362, val(shake) 3.4151
[b_2M_seed1337_pretrain] step 1250 (20480000 tokens): train 1.3989, val(shake) 3.3826
[b_2M_seed1337_pretrain] step 1300 (21299200 tokens): train 1.3792, val(shake) 3.3784
[b_2M_seed1337_pretrain] step 1350 (22118400 tokens): train 1.3507, val(shake) 3.3751
[b_2M_seed1337_pretrain] step 1400 (22937600 tokens): train 1.3148, val(shake) 3.3981
[b_2M_seed1337_pretrain] step 1450 (23756800 tokens): train 1.3129, val(shake) 3.4425
[b_2M_seed1337_pretrain] step 1500 (24576000 tokens): train 1.2901, val(shake) 3.4497
[b_2M_seed1337_pretrain] step 1550 (25395200 tokens): train 1.2637, val(shake) 3.3522
[b_2M_seed1337_pretrain] step 1600 (26214400 tokens): train 1.2358, val(shake) 3.5271
[b_2M_seed1337_pretrain] step 1650 (27033600 tokens): train 1.2065, val(shake) 3.5523
[b_2M_seed1337_pretrain] step 1700 (27852800 tokens): train 1.1942, val(shake) 3.5630
[b_2M_seed1337_pretrain] step 1750 (28672000 tokens): train 1.1962, val(shake) 3.5268
[b_2M_seed1337_pretrain] step 1800 (29491200 tokens): train 1.1606, val(shake) 3.8893
[b_2M_seed1337_pretrain] step 1850 (30310400 tokens): train 1.1292, val(shake) 3.7003
[b_2M_seed1337_pretrain] step 1900 (31129600 tokens): train 1.1067, val(shake) 3.7704
[b_2M_seed1337_pretrain] step 1950 (31948800 tokens): train 1.0973, val(shake) 3.6399
[b_2M_seed1337_pretrain] step 2000 (32768000 tokens): train 1.0641, val(shake) 3.6483
[b_2M_seed1337_pretrain] step 2050 (33587200 tokens): train 1.0189, val(shake) 3.7819
[b_2M_seed1337_pretrain] step 2100 (34406400 tokens): train 1.0262, val(shake) 3.7740
[b_2M_seed1337_pretrain] step 2150 (35225600 tokens): train 0.9994, val(shake) 3.8287
[b_2M_seed1337_pretrain] step 2200 (36044800 tokens): train 0.9933, val(shake) 3.9083
[b_2M_seed1337_pretrain] step 2250 (36864000 tokens): train 0.9626, val(shake) 3.9171
[b_2M_seed1337_pretrain] step 2300 (37683200 tokens): train 0.9404, val(shake) 3.9849
[b_2M_seed1337_pretrain] step 2350 (38502400 tokens): train 0.9099, val(shake) 3.9722
[b_2M_seed1337_pretrain] step 2400 (39321600 tokens): train 0.8896, val(shake) 4.0752
[b_2M_seed1337_pretrain] step 2450 (40140800 tokens): train 0.8692, val(shake) 3.9933
[b_2M_seed1337_pretrain] step 2500 (40960000 tokens): train 0.8545, val(shake) 4.0155
[b_2M_seed1337_pretrain] step 2550 (41779200 tokens): train 0.8270, val(shake) 4.1975
[b_2M_seed1337_pretrain] step 2600 (42598400 tokens): train 0.7925, val(shake) 4.4170
[b_2M_seed1337_pretrain] step 2650 (43417600 tokens): train 0.7897, val(shake) 4.2987
[b_2M_seed1337_pretrain] step 2700 (44236800 tokens): train 0.7574, val(shake) 4.4859
[b_2M_seed1337_pretrain] step 2750 (45056000 tokens): train 0.7481, val(shake) 4.3638
[b_2M_seed1337_pretrain] step 2800 (45875200 tokens): train 0.7183, val(shake) 4.6023
[b_2M_seed1337_pretrain] step 2850 (46694400 tokens): train 0.7089, val(shake) 4.6649
[b_2M_seed1337_pretrain] step 2900 (47513600 tokens): train 0.7029, val(shake) 4.9885
[b_2M_seed1337_pretrain] step 2950 (48332800 tokens): train 0.6839, val(shake) 4.6672
[b_2M_seed1337_pretrain] step 3000 (49152000 tokens): train 0.6482, val(shake) 5.0249
[b_2M_seed1337_pretrain] step 3050 (49971200 tokens): train 0.6416, val(shake) 5.0883
[b_2M_seed1337_pretrain] step 3100 (50790400 tokens): train 0.6168, val(shake) 5.1300
[b_2M_seed1337_pretrain] step 3150 (51609600 tokens): train 0.6030, val(shake) 5.2447
[b_2M_seed1337_pretrain] step 3200 (52428800 tokens): train 0.5905, val(shake) 5.1625
[b_2M_seed1337_pretrain] step 3250 (53248000 tokens): train 0.5811, val(shake) 5.2224
[b_2M_seed1337_pretrain] step 3300 (54067200 tokens): train 0.5607, val(shake) 5.7030
[b_2M_seed1337_pretrain] step 3350 (54886400 tokens): train 0.5424, val(shake) 5.3712
[b_2M_seed1337_pretrain] step 3400 (55705600 tokens): train 0.5343, val(shake) 5.4527
[b_2M_seed1337_pretrain] step 3450 (56524800 tokens): train 0.5088, val(shake) 5.6984
[b_2M_seed1337_pretrain] step 3500 (57344000 tokens): train 0.5051, val(shake) 5.5517
[b_2M_seed1337_pretrain] step 3550 (58163200 tokens): train 0.4866, val(shake) 5.7569
[b_2M_seed1337_pretrain] step 3600 (58982400 tokens): train 0.4797, val(shake) 5.8859
[b_2M_seed1337_pretrain] step 3650 (59801600 tokens): train 0.4761, val(shake) 5.8364
[b_2M_seed1337_pretrain] step 3700 (60620800 tokens): train 0.4583, val(shake) 6.0546
[b_2M_seed1337_pretrain] step 3750 (61440000 tokens): train 0.4366, val(shake) 5.9707
[b_2M_seed1337_pretrain] step 3800 (62259200 tokens): train 0.4387, val(shake) 5.8975
[b_2M_seed1337_pretrain] step 3850 (63078400 tokens): train 0.4087, val(shake) 6.1026
[b_2M_seed1337_pretrain] step 3900 (63897600 tokens): train 0.4052, val(shake) 6.4806
[b_2M_seed1337_pretrain] step 3950 (64716800 tokens): train 0.3893, val(shake) 6.6445
[b_2M_seed1337_pretrain] step 4000 (65536000 tokens): train 0.3769, val(shake) 6.3175
[b_2M_seed1337_pretrain] step 4050 (66355200 tokens): train 0.3874, val(shake) 6.3627
[b_2M_seed1337_pretrain] step 4100 (67174400 tokens): train 0.3718, val(shake) 6.5645
[b_2M_seed1337_pretrain] step 4150 (67993600 tokens): train 0.3783, val(shake) 6.6402
[b_2M_seed1337_pretrain] step 4200 (68812800 tokens): train 0.3519, val(shake) 6.6407
[b_2M_seed1337_pretrain] step 4250 (69632000 tokens): train 0.3386, val(shake) 6.9417
[b_2M_seed1337_pretrain] step 4300 (70451200 tokens): train 0.3493, val(shake) 6.7496
[b_2M_seed1337_pretrain] step 4350 (71270400 tokens): train 0.3259, val(shake) 6.8022
[b_2M_seed1337_pretrain] step 4400 (72089600 tokens): train 0.3200, val(shake) 6.8042
[b_2M_seed1337_pretrain] step 4450 (72908800 tokens): train 0.3158, val(shake) 6.9400
[b_2M_seed1337_pretrain] step 4500 (73728000 tokens): train 0.3108, val(shake) 7.2597
[b_2M_seed1337_pretrain] step 4550 (74547200 tokens): train 0.3050, val(shake) 7.0790
[b_2M_seed1337_pretrain] step 4600 (75366400 tokens): train 0.2974, val(shake) 7.3826
[b_2M_seed1337_pretrain] step 4650 (76185600 tokens): train 0.2990, val(shake) 7.4180
[b_2M_seed1337_pretrain] step 4700 (77004800 tokens): train 0.2886, val(shake) 7.2154
[b_2M_seed1337_pretrain] step 4750 (77824000 tokens): train 0.2819, val(shake) 7.4481
[b_2M_seed1337_pretrain] step 4800 (78643200 tokens): train 0.2791, val(shake) 7.5233
[b_2M_seed1337_pretrain] step 4850 (79462400 tokens): train 0.2843, val(shake) 7.1901
[b_2M_seed1337_pretrain] step 4900 (80281600 tokens): train 0.2720, val(shake) 7.4251
[b_2M_seed1337_pretrain] step 4950 (81100800 tokens): train 0.2552, val(shake) 7.6774
[b_2M_seed1337_pretrain] step 5000 (81920000 tokens): train 0.2645, val(shake) 7.5492
[b_2M_seed1337_pretrain] step 5050 (82739200 tokens): train 0.2509, val(shake) 7.8868
[b_2M_seed1337_pretrain] step 5100 (83558400 tokens): train 0.2678, val(shake) 7.8830
[b_2M_seed1337_pretrain] step 5150 (84377600 tokens): train 0.2574, val(shake) 7.6952
[b_2M_seed1337_pretrain] step 5200 (85196800 tokens): train 0.2425, val(shake) 8.1330
[b_2M_seed1337_pretrain] step 5250 (86016000 tokens): train 0.2376, val(shake) 7.9758
[b_2M_seed1337_pretrain] step 5300 (86835200 tokens): train 0.2407, val(shake) 7.8010
[b_2M_seed1337_pretrain] step 5350 (87654400 tokens): train 0.2395, val(shake) 8.0338
[b_2M_seed1337_pretrain] step 5400 (88473600 tokens): train 0.2355, val(shake) 8.2449
[b_2M_seed1337_pretrain] step 5450 (89292800 tokens): train 0.2281, val(shake) 8.2509
[b_2M_seed1337_pretrain] step 5500 (90112000 tokens): train 0.2342, val(shake) 8.0437
[b_2M_seed1337_pretrain] step 5550 (90931200 tokens): train 0.2308, val(shake) 8.1476
[b_2M_seed1337_pretrain] step 5600 (91750400 tokens): train 0.2247, val(shake) 8.3253
[b_2M_seed1337_pretrain] step 5650 (92569600 tokens): train 0.2263, val(shake) 8.5878
[b_2M_seed1337_pretrain] step 5700 (93388800 tokens): train 0.2261, val(shake) 8.4017
[b_2M_seed1337_pretrain] step 5750 (94208000 tokens): train 0.2194, val(shake) 8.5738
[b_2M_seed1337_pretrain] step 5800 (95027200 tokens): train 0.2133, val(shake) 8.5522
[b_2M_seed1337_pretrain] step 5850 (95846400 tokens): train 0.2118, val(shake) 8.4910
[b_2M_seed1337_pretrain] step 5900 (96665600 tokens): train 0.2133, val(shake) 8.5420
[b_2M_seed1337_pretrain] step 5950 (97484800 tokens): train 0.2166, val(shake) 8.4355
[b_2M_seed1337_pretrain] step 6000 (98304000 tokens): train 0.2210, val(shake) 8.8645
[b_2M_seed1337_pretrain] step 6050 (99123200 tokens): train 0.2271, val(shake) 8.6691
[b_2M_seed1337_pretrain] step 6100 (99942400 tokens): train 0.2148, val(shake) 8.5797
[b_2M_seed1337_pretrain] step 6150 (100761600 tokens): train 0.2079, val(shake) 8.7265
[b_2M_seed1337_pretrain] step 6200 (101580800 tokens): train 0.2027, val(shake) 8.8632
[b_2M_seed1337_pretrain] step 6250 (102400000 tokens): train 0.2064, val(shake) 8.7266
[b_2M_seed1337_pretrain] step 6300 (103219200 tokens): train 0.2078, val(shake) 8.8980
[b_2M_seed1337_pretrain] step 6350 (104038400 tokens): train 0.2094, val(shake) 8.8478
[b_2M_seed1337_pretrain] step 6400 (104857600 tokens): train 0.2092, val(shake) 8.8564
[b_2M_seed1337_pretrain] step 6450 (105676800 tokens): train 0.2012, val(shake) 8.8931
[b_2M_seed1337_pretrain] step 6500 (106496000 tokens): train 0.2094, val(shake) 8.9195
[b_2M_seed1337_pretrain] step 6550 (107315200 tokens): train 0.1985, val(shake) 9.0336
[b_2M_seed1337_pretrain] step 6600 (108134400 tokens): train 0.1965, val(shake) 9.0265
[b_2M_seed1337_pretrain] step 6650 (108953600 tokens): train 0.1932, val(shake) 9.0186
[b_2M_seed1337_pretrain] step 6700 (109772800 tokens): train 0.1966, val(shake) 9.0439
[b_2M_seed1337_pretrain] step 6750 (110592000 tokens): train 0.1985, val(shake) 9.2116
[b_2M_seed1337_pretrain] step 6800 (111411200 tokens): train 0.1987, val(shake) 9.0730
[b_2M_seed1337_pretrain] step 6850 (112230400 tokens): train 0.1980, val(shake) 9.0545
[b_2M_seed1337_pretrain] step 6900 (113049600 tokens): train 0.2020, val(shake) 9.4556
[b_2M_seed1337_pretrain] step 6950 (113868800 tokens): train 0.1912, val(shake) 9.4198
[b_2M_seed1337_pretrain] step 7000 (114688000 tokens): train 0.1840, val(shake) 9.0583
[b_2M_seed1337_pretrain] step 7050 (115507200 tokens): train 0.1865, val(shake) 9.3985
[b_2M_seed1337_pretrain] step 7100 (116326400 tokens): train 0.1925, val(shake) 9.3164
[b_2M_seed1337_pretrain] step 7150 (117145600 tokens): train 0.1966, val(shake) 9.3370
[b_2M_seed1337_pretrain] step 7200 (117964800 tokens): train 0.1866, val(shake) 9.3007
[b_2M_seed1337_pretrain] step 7250 (118784000 tokens): train 0.1859, val(shake) 9.5386
[b_2M_seed1337_pretrain] step 7300 (119603200 tokens): train 0.1859, val(shake) 9.3522
[b_2M_seed1337_pretrain] step 7350 (120422400 tokens): train 0.1820, val(shake) 9.5469
[b_2M_seed1337_pretrain] step 7400 (121241600 tokens): train 0.1831, val(shake) 9.4472
[b_2M_seed1337_pretrain] step 7450 (122060800 tokens): train 0.1901, val(shake) 9.5407
[b_2M_seed1337_pretrain] step 7500 (122880000 tokens): train 0.1849, val(shake) 9.8958
[b_2M_seed1337_pretrain] step 7550 (123699200 tokens): train 0.1889, val(shake) 9.5736
[b_2M_seed1337_pretrain] step 7600 (124518400 tokens): train 0.1804, val(shake) 9.7396
[b_2M_seed1337_pretrain] step 7650 (125337600 tokens): train 0.1886, val(shake) 9.6828
[b_2M_seed1337_pretrain] step 7700 (126156800 tokens): train 0.1843, val(shake) 9.9359
[b_2M_seed1337_pretrain] step 7750 (126976000 tokens): train 0.1847, val(shake) 9.9089
[b_2M_seed1337_pretrain] step 7800 (127795200 tokens): train 0.1778, val(shake) 9.6808
[b_2M_seed1337_pretrain] step 7850 (128614400 tokens): train 0.1776, val(shake) 9.8616
[b_2M_seed1337_pretrain] step 7900 (129433600 tokens): train 0.1771, val(shake) 10.1417
[b_2M_seed1337_pretrain] step 7950 (130252800 tokens): train 0.1890, val(shake) 9.8229
[b_2M_seed1337_pretrain] step 8000 (131072000 tokens): train 0.1862, val(shake) 10.0155
[b_2M_seed1337_pretrain] step 8050 (131891200 tokens): train 0.1822, val(shake) 10.1280
[b_2M_seed1337_pretrain] step 8100 (132710400 tokens): train 0.1755, val(shake) 9.9361
[b_2M_seed1337_pretrain] step 8150 (133529600 tokens): train 0.1747, val(shake) 9.8577
[b_2M_seed1337_pretrain] step 8200 (134348800 tokens): train 0.1712, val(shake) 10.0914
[b_2M_seed1337_pretrain] step 8250 (135168000 tokens): train 0.1685, val(shake) 10.3911
[b_2M_seed1337_pretrain] step 8300 (135987200 tokens): train 0.1760, val(shake) 10.1341
[b_2M_seed1337_pretrain] step 8350 (136806400 tokens): train 0.1686, val(shake) 10.1083
[b_2M_seed1337_pretrain] step 8400 (137625600 tokens): train 0.1762, val(shake) 9.8765
[b_2M_seed1337_pretrain] step 8450 (138444800 tokens): train 0.1792, val(shake) 10.2253
[b_2M_seed1337_pretrain] step 8500 (139264000 tokens): train 0.1688, val(shake) 10.0613
[b_2M_seed1337_pretrain] step 8550 (140083200 tokens): train 0.1714, val(shake) 10.3053
[b_2M_seed1337_pretrain] step 8600 (140902400 tokens): train 0.1715, val(shake) 10.2349
[b_2M_seed1337_pretrain] step 8650 (141721600 tokens): train 0.1764, val(shake) 10.2384
[b_2M_seed1337_pretrain] step 8700 (142540800 tokens): train 0.1687, val(shake) 10.3490
[b_2M_seed1337_pretrain] step 8750 (143360000 tokens): train 0.1633, val(shake) 10.3678
[b_2M_seed1337_pretrain] step 8800 (144179200 tokens): train 0.1638, val(shake) 10.2638
[b_2M_seed1337_pretrain] step 8850 (144998400 tokens): train 0.1639, val(shake) 10.4768
[b_2M_seed1337_pretrain] step 8900 (145817600 tokens): train 0.1737, val(shake) 10.2423
[b_2M_seed1337_pretrain] step 8950 (146636800 tokens): train 0.1757, val(shake) 10.3940
[b_2M_seed1337_pretrain] step 9000 (147456000 tokens): train 0.1718, val(shake) 10.3766
[b_2M_seed1337_pretrain] step 9050 (148275200 tokens): train 0.1690, val(shake) 10.4629
[b_2M_seed1337_pretrain] step 9100 (149094400 tokens): train 0.1642, val(shake) 10.6261
[b_2M_seed1337_pretrain] step 9150 (149913600 tokens): train 0.1648, val(shake) 10.9016
[b_2M_seed1337_pretrain] step 9200 (150732800 tokens): train 0.1641, val(shake) 10.5001
[b_2M_seed1337_pretrain] step 9250 (151552000 tokens): train 0.1642, val(shake) 10.7018
[b_2M_seed1337_pretrain] step 9300 (152371200 tokens): train 0.1670, val(shake) 10.6128
[b_2M_seed1337_pretrain] step 9350 (153190400 tokens): train 0.1621, val(shake) 10.7312
[b_2M_seed1337_pretrain] step 9400 (154009600 tokens): train 0.1657, val(shake) 10.4720
[b_2M_seed1337_pretrain] step 9450 (154828800 tokens): train 0.1722, val(shake) 10.5980
[b_2M_seed1337_pretrain] step 9500 (155648000 tokens): train 0.1668, val(shake) 10.2316
[b_2M_seed1337_pretrain] step 9550 (156467200 tokens): train 0.1725, val(shake) 10.6844
[b_2M_seed1337_pretrain] step 9600 (157286400 tokens): train 0.1680, val(shake) 10.8298
[b_2M_seed1337_pretrain] step 9650 (158105600 tokens): train 0.1595, val(shake) 10.7747
[b_2M_seed1337_pretrain] step 9700 (158924800 tokens): train 0.1558, val(shake) 10.8316
[b_2M_seed1337_pretrain] step 9750 (159744000 tokens): train 0.1540, val(shake) 11.0515
[b_2M_seed1337_pretrain] step 9800 (160563200 tokens): train 0.1581, val(shake) 10.7877
[b_2M_seed1337_pretrain] step 9850 (161382400 tokens): train 0.1556, val(shake) 10.9753
[b_2M_seed1337_pretrain] step 9900 (162201600 tokens): train 0.1545, val(shake) 10.7088
[b_2M_seed1337_pretrain] step 9950 (163020800 tokens): train 0.1568, val(shake) 10.6256
[b_2M_seed1337_pretrain] step 10000 (163840000 tokens): train 0.1674, val(shake) 10.7106
[b_2M_seed1337_pretrain] step 10050 (164659200 tokens): train 0.1698, val(shake) 10.9276
[b_2M_seed1337_pretrain] step 10100 (165478400 tokens): train 0.1796, val(shake) 10.8010
[b_2M_seed1337_pretrain] step 10150 (166297600 tokens): train 0.1672, val(shake) 10.7057
[b_2M_seed1337_pretrain] step 10200 (167116800 tokens): train 0.1606, val(shake) 11.3037
[b_2M_seed1337_pretrain] step 10250 (167936000 tokens): train 0.1564, val(shake) 10.8243
[b_2M_seed1337_pretrain] step 10300 (168755200 tokens): train 0.1569, val(shake) 11.0133
[b_2M_seed1337_pretrain] step 10350 (169574400 tokens): train 0.1582, val(shake) 11.2067
[b_2M_seed1337_pretrain] step 10400 (170393600 tokens): train 0.1553, val(shake) 10.9029
[b_2M_seed1337_pretrain] step 10450 (171212800 tokens): train 0.1516, val(shake) 11.2203
[b_2M_seed1337_pretrain] step 10500 (172032000 tokens): train 0.1563, val(shake) 11.0565
[b_2M_seed1337_pretrain] step 10550 (172851200 tokens): train 0.1567, val(shake) 10.9032
[b_2M_seed1337_pretrain] step 10600 (173670400 tokens): train 0.1536, val(shake) 11.3006
[b_2M_seed1337_pretrain] step 10650 (174489600 tokens): train 0.1581, val(shake) 11.2445
[b_2M_seed1337_pretrain] step 10700 (175308800 tokens): train 0.1571, val(shake) 11.1131
[b_2M_seed1337_pretrain] step 10750 (176128000 tokens): train 0.1498, val(shake) 11.1640
[b_2M_seed1337_pretrain] step 10800 (176947200 tokens): train 0.1572, val(shake) 11.0005
[b_2M_seed1337_pretrain] step 10850 (177766400 tokens): train 0.1541, val(shake) 10.9696
[b_2M_seed1337_pretrain] step 10900 (178585600 tokens): train 0.1521, val(shake) 11.3456
[b_2M_seed1337_pretrain] step 10950 (179404800 tokens): train 0.1535, val(shake) 11.2399
[b_2M_seed1337_pretrain] step 11000 (180224000 tokens): train 0.1511, val(shake) 11.2189
[b_2M_seed1337_pretrain] step 11050 (181043200 tokens): train 0.1550, val(shake) 11.4135
[b_2M_seed1337_pretrain] step 11100 (181862400 tokens): train 0.1509, val(shake) 11.1901
[b_2M_seed1337_pretrain] step 11150 (182681600 tokens): train 0.1563, val(shake) 10.7922
[b_2M_seed1337_pretrain] step 11200 (183500800 tokens): train 0.1581, val(shake) 11.0160
[b_2M_seed1337_pretrain] step 11250 (184320000 tokens): train 0.1564, val(shake) 11.3672
[b_2M_seed1337_pretrain] step 11300 (185139200 tokens): train 0.1538, val(shake) 10.8578
[b_2M_seed1337_pretrain] step 11350 (185958400 tokens): train 0.1510, val(shake) 10.9815
[b_2M_seed1337_pretrain] step 11400 (186777600 tokens): train 0.1504, val(shake) 11.3590
[b_2M_seed1337_pretrain] step 11450 (187596800 tokens): train 0.1495, val(shake) 11.0946
[b_2M_seed1337_pretrain] step 11500 (188416000 tokens): train 0.1408, val(shake) 11.3771
[b_2M_seed1337_pretrain] step 11550 (189235200 tokens): train 0.1524, val(shake) 11.5933
[b_2M_seed1337_pretrain] step 11600 (190054400 tokens): train 0.1450, val(shake) 11.6999
[b_2M_seed1337_pretrain] step 11650 (190873600 tokens): train 0.1497, val(shake) 11.4012
[b_2M_seed1337_pretrain] step 11700 (191692800 tokens): train 0.1551, val(shake) 11.4639
[b_2M_seed1337_pretrain] step 11750 (192512000 tokens): train 0.1503, val(shake) 11.3563
[b_2M_seed1337_pretrain] step 11800 (193331200 tokens): train 0.1459, val(shake) 11.4430
[b_2M_seed1337_pretrain] step 11850 (194150400 tokens): train 0.1494, val(shake) 11.2884
[b_2M_seed1337_pretrain] step 11900 (194969600 tokens): train 0.1500, val(shake) 11.3080
[b_2M_seed1337_pretrain] step 11950 (195788800 tokens): train 0.1473, val(shake) 11.4608
[b_2M_seed1337_pretrain] step 12000 (196608000 tokens): train 0.1469, val(shake) 11.3668
[b_2M_seed1337_pretrain] step 12050 (197427200 tokens): train 0.1477, val(shake) 11.2135
[b_2M_seed1337_pretrain] step 12100 (198246400 tokens): train 0.1457, val(shake) 11.7562
[b_2M_seed1337_pretrain] step 12110 (198410240 tokens): train 0.1481, val(shake) 10.9635
--> Reached target fraction 0.5 (step 12110), saved checkpoint results/checkpoints/arabic_corpus_2M_1337_frac0.5.pt
[b_2M_seed1337_pretrain] step 12150 (199065600 tokens): train 0.1475, val(shake) 11.4503
[b_2M_seed1337_pretrain] step 12200 (199884800 tokens): train 0.1445, val(shake) 11.3840
[b_2M_seed1337_pretrain] step 12250 (200704000 tokens): train 0.1416, val(shake) 11.7832
[b_2M_seed1337_pretrain] step 12300 (201523200 tokens): train 0.1375, val(shake) 11.4338
[b_2M_seed1337_pretrain] step 12350 (202342400 tokens): train 0.1456, val(shake) 11.4327
[b_2M_seed1337_pretrain] step 12400 (203161600 tokens): train 0.1481, val(shake) 11.3302
[b_2M_seed1337_pretrain] step 12450 (203980800 tokens): train 0.1480, val(shake) 11.5877
[b_2M_seed1337_pretrain] step 12500 (204800000 tokens): train 0.1472, val(shake) 11.6847
[b_2M_seed1337_pretrain] step 12550 (205619200 tokens): train 0.1423, val(shake) 11.6539
[b_2M_seed1337_pretrain] step 12600 (206438400 tokens): train 0.1453, val(shake) 11.7271
[b_2M_seed1337_pretrain] step 12650 (207257600 tokens): train 0.1471, val(shake) 11.3924
[b_2M_seed1337_pretrain] step 12700 (208076800 tokens): train 0.1419, val(shake) 11.5060
[b_2M_seed1337_pretrain] step 12750 (208896000 tokens): train 0.1440, val(shake) 12.0363
[b_2M_seed1337_pretrain] step 12800 (209715200 tokens): train 0.1442, val(shake) 11.5974
[b_2M_seed1337_pretrain] step 12850 (210534400 tokens): train 0.1422, val(shake) 11.6936
[b_2M_seed1337_pretrain] step 12900 (211353600 tokens): train 0.1387, val(shake) 11.6044
[b_2M_seed1337_pretrain] step 12950 (212172800 tokens): train 0.1406, val(shake) 11.3719
[b_2M_seed1337_pretrain] step 13000 (212992000 tokens): train 0.1386, val(shake) 11.6724
[b_2M_seed1337_pretrain] step 13050 (213811200 tokens): train 0.1398, val(shake) 11.4900
[b_2M_seed1337_pretrain] step 13100 (214630400 tokens): train 0.1446, val(shake) 11.9288
[b_2M_seed1337_pretrain] step 13150 (215449600 tokens): train 0.1426, val(shake) 12.1863
[b_2M_seed1337_pretrain] step 13200 (216268800 tokens): train 0.1449, val(shake) 11.6365
[b_2M_seed1337_pretrain] step 13250 (217088000 tokens): train 0.1384, val(shake) 11.5681
[b_2M_seed1337_pretrain] step 13300 (217907200 tokens): train 0.1430, val(shake) 11.8059
[b_2M_seed1337_pretrain] step 13350 (218726400 tokens): train 0.1398, val(shake) 11.8258
[b_2M_seed1337_pretrain] step 13400 (219545600 tokens): train 0.1383, val(shake) 11.6957
[b_2M_seed1337_pretrain] step 13450 (220364800 tokens): train 0.1387, val(shake) 11.8050
[b_2M_seed1337_pretrain] step 13500 (221184000 tokens): train 0.1398, val(shake) 11.5543
[b_2M_seed1337_pretrain] step 13550 (222003200 tokens): train 0.1411, val(shake) 11.5753
[b_2M_seed1337_pretrain] step 13600 (222822400 tokens): train 0.1420, val(shake) 11.8004
[b_2M_seed1337_pretrain] step 13650 (223641600 tokens): train 0.1426, val(shake) 11.9533
[b_2M_seed1337_pretrain] step 13700 (224460800 tokens): train 0.1399, val(shake) 11.6475
[b_2M_seed1337_pretrain] step 13750 (225280000 tokens): train 0.1340, val(shake) 11.8963
[b_2M_seed1337_pretrain] step 13800 (226099200 tokens): train 0.1382, val(shake) 11.7198
[b_2M_seed1337_pretrain] step 13850 (226918400 tokens): train 0.1365, val(shake) 11.6549
[b_2M_seed1337_pretrain] step 13900 (227737600 tokens): train 0.1400, val(shake) 11.6450
[b_2M_seed1337_pretrain] step 13950 (228556800 tokens): train 0.1385, val(shake) 12.0025
[b_2M_seed1337_pretrain] step 14000 (229376000 tokens): train 0.1370, val(shake) 12.1517
[b_2M_seed1337_pretrain] step 14050 (230195200 tokens): train 0.1373, val(shake) 11.8188
[b_2M_seed1337_pretrain] step 14100 (231014400 tokens): train 0.1354, val(shake) 12.0407
[b_2M_seed1337_pretrain] step 14150 (231833600 tokens): train 0.1443, val(shake) 11.8301
[b_2M_seed1337_pretrain] step 14200 (232652800 tokens): train 0.1412, val(shake) 11.6985
[b_2M_seed1337_pretrain] step 14250 (233472000 tokens): train 0.1398, val(shake) 11.9423
[b_2M_seed1337_pretrain] step 14300 (234291200 tokens): train 0.1407, val(shake) 12.1709
[b_2M_seed1337_pretrain] step 14350 (235110400 tokens): train 0.1399, val(shake) 11.7578
[b_2M_seed1337_pretrain] step 14400 (235929600 tokens): train 0.1391, val(shake) 11.7920
[b_2M_seed1337_pretrain] step 14450 (236748800 tokens): train 0.1392, val(shake) 11.8713
[b_2M_seed1337_pretrain] step 14500 (237568000 tokens): train 0.1340, val(shake) 11.6855
[b_2M_seed1337_pretrain] step 14550 (238387200 tokens): train 0.1309, val(shake) 12.0410
[b_2M_seed1337_pretrain] step 14600 (239206400 tokens): train 0.1328, val(shake) 12.0188
[b_2M_seed1337_pretrain] step 14650 (240025600 tokens): train 0.1332, val(shake) 12.0695
[b_2M_seed1337_pretrain] step 14700 (240844800 tokens): train 0.1305, val(shake) 11.9212
[b_2M_seed1337_pretrain] step 14750 (241664000 tokens): train 0.1319, val(shake) 11.8609
[b_2M_seed1337_pretrain] step 14800 (242483200 tokens): train 0.1368, val(shake) 12.1595
[b_2M_seed1337_pretrain] step 14850 (243302400 tokens): train 0.1411, val(shake) 11.9827
[b_2M_seed1337_pretrain] step 14900 (244121600 tokens): train 0.1392, val(shake) 12.0019
[b_2M_seed1337_pretrain] step 14950 (244940800 tokens): train 0.1359, val(shake) 12.0407
[b_2M_seed1337_pretrain] step 15000 (245760000 tokens): train 0.1330, val(shake) 11.8895
[b_2M_seed1337_pretrain] step 15050 (246579200 tokens): train 0.1360, val(shake) 11.8179
[b_2M_seed1337_pretrain] step 15100 (247398400 tokens): train 0.1372, val(shake) 12.0661
[b_2M_seed1337_pretrain] step 15150 (248217600 tokens): train 0.1371, val(shake) 12.3732
[b_2M_seed1337_pretrain] step 15200 (249036800 tokens): train 0.1380, val(shake) 11.9738
[b_2M_seed1337_pretrain] step 15250 (249856000 tokens): train 0.1351, val(shake) 12.3828
[b_2M_seed1337_pretrain] step 15300 (250675200 tokens): train 0.1336, val(shake) 12.0688
[b_2M_seed1337_pretrain] step 15350 (251494400 tokens): train 0.1309, val(shake) 12.4618
[b_2M_seed1337_pretrain] step 15400 (252313600 tokens): train 0.1334, val(shake) 12.2755
[b_2M_seed1337_pretrain] step 15450 (253132800 tokens): train 0.1288, val(shake) 11.9881
[b_2M_seed1337_pretrain] step 15500 (253952000 tokens): train 0.1281, val(shake) 12.2115
[b_2M_seed1337_pretrain] step 15550 (254771200 tokens): train 0.1261, val(shake) 12.1780
[b_2M_seed1337_pretrain] step 15600 (255590400 tokens): train 0.1272, val(shake) 12.3325
[b_2M_seed1337_pretrain] step 15650 (256409600 tokens): train 0.1264, val(shake) 12.3716
[b_2M_seed1337_pretrain] step 15700 (257228800 tokens): train 0.1317, val(shake) 12.4049
[b_2M_seed1337_pretrain] step 15750 (258048000 tokens): train 0.1362, val(shake) 11.8502
[b_2M_seed1337_pretrain] step 15800 (258867200 tokens): train 0.1339, val(shake) 11.9864
[b_2M_seed1337_pretrain] step 15850 (259686400 tokens): train 0.1313, val(shake) 12.3167
[b_2M_seed1337_pretrain] step 15900 (260505600 tokens): train 0.1315, val(shake) 12.2159
[b_2M_seed1337_pretrain] step 15950 (261324800 tokens): train 0.1311, val(shake) 12.1480
[b_2M_seed1337_pretrain] step 16000 (262144000 tokens): train 0.1330, val(shake) 11.9063
[b_2M_seed1337_pretrain] step 16050 (262963200 tokens): train 0.1384, val(shake) 12.2677
[b_2M_seed1337_pretrain] step 16100 (263782400 tokens): train 0.1378, val(shake) 12.4449
[b_2M_seed1337_pretrain] step 16150 (264601600 tokens): train 0.1339, val(shake) 12.5830
[b_2M_seed1337_pretrain] step 16200 (265420800 tokens): train 0.1321, val(shake) 12.3724
[b_2M_seed1337_pretrain] step 16250 (266240000 tokens): train 0.1292, val(shake) 12.4101
[b_2M_seed1337_pretrain] step 16300 (267059200 tokens): train 0.1308, val(shake) 12.3293
[b_2M_seed1337_pretrain] step 16350 (267878400 tokens): train 0.1271, val(shake) 12.4554
[b_2M_seed1337_pretrain] step 16400 (268697600 tokens): train 0.1245, val(shake) 12.5024
[b_2M_seed1337_pretrain] step 16450 (269516800 tokens): train 0.1282, val(shake) 12.6041
[b_2M_seed1337_pretrain] step 16500 (270336000 tokens): train 0.1284, val(shake) 12.4880
[b_2M_seed1337_pretrain] step 16550 (271155200 tokens): train 0.1290, val(shake) 12.6092
[b_2M_seed1337_pretrain] step 16600 (271974400 tokens): train 0.1292, val(shake) 12.4703
[b_2M_seed1337_pretrain] step 16650 (272793600 tokens): train 0.1256, val(shake) 12.4908
[b_2M_seed1337_pretrain] step 16700 (273612800 tokens): train 0.1249, val(shake) 12.5555
[b_2M_seed1337_pretrain] step 16750 (274432000 tokens): train 0.1283, val(shake) 12.4534
[b_2M_seed1337_pretrain] step 16800 (275251200 tokens): train 0.1264, val(shake) 12.6116
[b_2M_seed1337_pretrain] step 16850 (276070400 tokens): train 0.1283, val(shake) 12.3654
[b_2M_seed1337_pretrain] step 16900 (276889600 tokens): train 0.1266, val(shake) 12.6818
[b_2M_seed1337_pretrain] step 16950 (277708800 tokens): train 0.1272, val(shake) 12.6110
[b_2M_seed1337_pretrain] step 17000 (278528000 tokens): train 0.1281, val(shake) 12.5370
[b_2M_seed1337_pretrain] step 17050 (279347200 tokens): train 0.1293, val(shake) 12.6181
[b_2M_seed1337_pretrain] step 17100 (280166400 tokens): train 0.1289, val(shake) 12.5999
[b_2M_seed1337_pretrain] step 17150 (280985600 tokens): train 0.1262, val(shake) 12.2561
[b_2M_seed1337_pretrain] step 17200 (281804800 tokens): train 0.1298, val(shake) 12.4461
[b_2M_seed1337_pretrain] step 17250 (282624000 tokens): train 0.1269, val(shake) 12.4181
[b_2M_seed1337_pretrain] step 17300 (283443200 tokens): train 0.1262, val(shake) 12.1771
[b_2M_seed1337_pretrain] step 17350 (284262400 tokens): train 0.1289, val(shake) 12.6948
[b_2M_seed1337_pretrain] step 17400 (285081600 tokens): train 0.1261, val(shake) 12.5185
[b_2M_seed1337_pretrain] step 17450 (285900800 tokens): train 0.1254, val(shake) 12.8422
[b_2M_seed1337_pretrain] step 17500 (286720000 tokens): train 0.1247, val(shake) 12.9668
[b_2M_seed1337_pretrain] step 17550 (287539200 tokens): train 0.1241, val(shake) 12.6342
[b_2M_seed1337_pretrain] step 17600 (288358400 tokens): train 0.1244, val(shake) 12.4076
[b_2M_seed1337_pretrain] step 17650 (289177600 tokens): train 0.1335, val(shake) 12.8072
[b_2M_seed1337_pretrain] step 17700 (289996800 tokens): train 0.1312, val(shake) 12.5413
[b_2M_seed1337_pretrain] step 17750 (290816000 tokens): train 0.1282, val(shake) 12.5026
[b_2M_seed1337_pretrain] step 17800 (291635200 tokens): train 0.1226, val(shake) 12.6161
[b_2M_seed1337_pretrain] step 17850 (292454400 tokens): train 0.1185, val(shake) 12.7929
[b_2M_seed1337_pretrain] step 17900 (293273600 tokens): train 0.1231, val(shake) 12.3377
[b_2M_seed1337_pretrain] step 17950 (294092800 tokens): train 0.1208, val(shake) 12.7062
[b_2M_seed1337_pretrain] step 18000 (294912000 tokens): train 0.1189, val(shake) 12.3623
[b_2M_seed1337_pretrain] step 18050 (295731200 tokens): train 0.1282, val(shake) 12.6623
[b_2M_seed1337_pretrain] step 18100 (296550400 tokens): train 0.1261, val(shake) 12.7551
[b_2M_seed1337_pretrain] step 18150 (297369600 tokens): train 0.1250, val(shake) 12.5504
[b_2M_seed1337_pretrain] step 18200 (298188800 tokens): train 0.1231, val(shake) 12.6565
[b_2M_seed1337_pretrain] step 18250 (299008000 tokens): train 0.1246, val(shake) 12.7717
[b_2M_seed1337_pretrain] step 18300 (299827200 tokens): train 0.1255, val(shake) 13.0939
[b_2M_seed1337_pretrain] step 18350 (300646400 tokens): train 0.1239, val(shake) 12.4808
[b_2M_seed1337_pretrain] step 18400 (301465600 tokens): train 0.1272, val(shake) 12.7134
[b_2M_seed1337_pretrain] step 18450 (302284800 tokens): train 0.1274, val(shake) 13.0805
[b_2M_seed1337_pretrain] step 18500 (303104000 tokens): train 0.1230, val(shake) 12.8859
[b_2M_seed1337_pretrain] step 18550 (303923200 tokens): train 0.1248, val(shake) 12.9978
[b_2M_seed1337_pretrain] step 18600 (304742400 tokens): train 0.1224, val(shake) 12.8937
[b_2M_seed1337_pretrain] step 18650 (305561600 tokens): train 0.1228, val(shake) 12.8805
[b_2M_seed1337_pretrain] step 18700 (306380800 tokens): train 0.1243, val(shake) 12.6897
[b_2M_seed1337_pretrain] step 18750 (307200000 tokens): train 0.1210, val(shake) 12.8187
[b_2M_seed1337_pretrain] step 18800 (308019200 tokens): train 0.1214, val(shake) 12.4941
[b_2M_seed1337_pretrain] step 18850 (308838400 tokens): train 0.1162, val(shake) 12.6463
[b_2M_seed1337_pretrain] step 18900 (309657600 tokens): train 0.1158, val(shake) 12.7876
[b_2M_seed1337_pretrain] step 18950 (310476800 tokens): train 0.1151, val(shake) 12.8787
[b_2M_seed1337_pretrain] step 19000 (311296000 tokens): train 0.1226, val(shake) 12.7662
[b_2M_seed1337_pretrain] step 19050 (312115200 tokens): train 0.1200, val(shake) 12.8817
[b_2M_seed1337_pretrain] step 19100 (312934400 tokens): train 0.1299, val(shake) 12.9895
[b_2M_seed1337_pretrain] step 19150 (313753600 tokens): train 0.1276, val(shake) 13.1882
[b_2M_seed1337_pretrain] step 19200 (314572800 tokens): train 0.1234, val(shake) 12.5892
[b_2M_seed1337_pretrain] step 19250 (315392000 tokens): train 0.1222, val(shake) 12.8164
[b_2M_seed1337_pretrain] step 19300 (316211200 tokens): train 0.1206, val(shake) 12.9106
[b_2M_seed1337_pretrain] step 19350 (317030400 tokens): train 0.1178, val(shake) 12.9006
[b_2M_seed1337_pretrain] step 19400 (317849600 tokens): train 0.1172, val(shake) 12.9277
[b_2M_seed1337_pretrain] step 19450 (318668800 tokens): train 0.1182, val(shake) 12.7848
[b_2M_seed1337_pretrain] step 19500 (319488000 tokens): train 0.1187, val(shake) 12.7204
[b_2M_seed1337_pretrain] step 19550 (320307200 tokens): train 0.1143, val(shake) 12.9797
[b_2M_seed1337_pretrain] step 19600 (321126400 tokens): train 0.1168, val(shake) 13.1972
[b_2M_seed1337_pretrain] step 19650 (321945600 tokens): train 0.1176, val(shake) 12.6429
[b_2M_seed1337_pretrain] step 19700 (322764800 tokens): train 0.1221, val(shake) 12.9344
[b_2M_seed1337_pretrain] step 19750 (323584000 tokens): train 0.1215, val(shake) 12.7874
[b_2M_seed1337_pretrain] step 19800 (324403200 tokens): train 0.1247, val(shake) 12.6121
[b_2M_seed1337_pretrain] step 19850 (325222400 tokens): train 0.1227, val(shake) 12.8828
[b_2M_seed1337_pretrain] step 19900 (326041600 tokens): train 0.1262, val(shake) 13.0992
[b_2M_seed1337_pretrain] step 19950 (326860800 tokens): train 0.1247, val(shake) 13.8651
[b_2M_seed1337_pretrain] step 20000 (327680000 tokens): train 0.1242, val(shake) 13.0263
[b_2M_seed1337_pretrain] step 20050 (328499200 tokens): train 0.1225, val(shake) 13.1187
[b_2M_seed1337_pretrain] step 20100 (329318400 tokens): train 0.1202, val(shake) 12.8264
[b_2M_seed1337_pretrain] step 20150 (330137600 tokens): train 0.1170, val(shake) 13.0352
[b_2M_seed1337_pretrain] step 20200 (330956800 tokens): train 0.1147, val(shake) 12.6588
[b_2M_seed1337_pretrain] step 20250 (331776000 tokens): train 0.1173, val(shake) 12.7725
[b_2M_seed1337_pretrain] step 20300 (332595200 tokens): train 0.1167, val(shake) 13.0335
[b_2M_seed1337_pretrain] step 20350 (333414400 tokens): train 0.1163, val(shake) 12.9996
[b_2M_seed1337_pretrain] step 20400 (334233600 tokens): train 0.1183, val(shake) 13.3124
[b_2M_seed1337_pretrain] step 20450 (335052800 tokens): train 0.1209, val(shake) 12.9199
[b_2M_seed1337_pretrain] step 20500 (335872000 tokens): train 0.1195, val(shake) 13.4337
[b_2M_seed1337_pretrain] step 20550 (336691200 tokens): train 0.1183, val(shake) 13.0770
[b_2M_seed1337_pretrain] step 20600 (337510400 tokens): train 0.1194, val(shake) 13.1561
[b_2M_seed1337_pretrain] step 20650 (338329600 tokens): train 0.1198, val(shake) 13.3124
[b_2M_seed1337_pretrain] step 20700 (339148800 tokens): train 0.1165, val(shake) 13.2950
[b_2M_seed1337_pretrain] step 20750 (339968000 tokens): train 0.1141, val(shake) 12.9172
[b_2M_seed1337_pretrain] step 20800 (340787200 tokens): train 0.1146, val(shake) 12.8441
[b_2M_seed1337_pretrain] step 20850 (341606400 tokens): train 0.1194, val(shake) 12.9220
[b_2M_seed1337_pretrain] step 20900 (342425600 tokens): train 0.1178, val(shake) 12.6872
[b_2M_seed1337_pretrain] step 20950 (343244800 tokens): train 0.1176, val(shake) 12.9031
[b_2M_seed1337_pretrain] step 21000 (344064000 tokens): train 0.1186, val(shake) 12.9025
[b_2M_seed1337_pretrain] step 21050 (344883200 tokens): train 0.1211, val(shake) 12.5654
[b_2M_seed1337_pretrain] step 21100 (345702400 tokens): train 0.1192, val(shake) 12.7271
[b_2M_seed1337_pretrain] step 21150 (346521600 tokens): train 0.1157, val(shake) 12.8169
[b_2M_seed1337_pretrain] step 21200 (347340800 tokens): train 0.1152, val(shake) 13.1544
[b_2M_seed1337_pretrain] step 21250 (348160000 tokens): train 0.1140, val(shake) 12.8549
[b_2M_seed1337_pretrain] step 21300 (348979200 tokens): train 0.1170, val(shake) 12.6799
[b_2M_seed1337_pretrain] step 21350 (349798400 tokens): train 0.1126, val(shake) 12.8819
[b_2M_seed1337_pretrain] step 21400 (350617600 tokens): train 0.1158, val(shake) 13.1082
[b_2M_seed1337_pretrain] step 21450 (351436800 tokens): train 0.1153, val(shake) 13.1746
[b_2M_seed1337_pretrain] step 21500 (352256000 tokens): train 0.1154, val(shake) 13.3294
[b_2M_seed1337_pretrain] step 21550 (353075200 tokens): train 0.1127, val(shake) 13.0425
[b_2M_seed1337_pretrain] step 21600 (353894400 tokens): train 0.1152, val(shake) 12.6893
[b_2M_seed1337_pretrain] step 21650 (354713600 tokens): train 0.1154, val(shake) 13.3179
[b_2M_seed1337_pretrain] step 21700 (355532800 tokens): train 0.1130, val(shake) 13.2883
[b_2M_seed1337_pretrain] step 21750 (356352000 tokens): train 0.1133, val(shake) 13.1392
[b_2M_seed1337_pretrain] step 21798 (357138432 tokens): train 0.1183, val(shake) 13.3515
--> Reached target fraction 0.9 (step 21798), saved checkpoint results/checkpoints/arabic_corpus_2M_1337_frac0.9.pt
[b_2M_seed1337_pretrain] step 21800 (357171200 tokens): train 0.1170, val(shake) 13.1526
[b_2M_seed1337_pretrain] step 21850 (357990400 tokens): train 0.1138, val(shake) 13.4324
[b_2M_seed1337_pretrain] step 21900 (358809600 tokens): train 0.1128, val(shake) 13.5725
[b_2M_seed1337_pretrain] step 21950 (359628800 tokens): train 0.1169, val(shake) 13.3943
[b_2M_seed1337_pretrain] step 22000 (360448000 tokens): train 0.1153, val(shake) 13.6821
[b_2M_seed1337_pretrain] step 22050 (361267200 tokens): train 0.1117, val(shake) 13.2158
[b_2M_seed1337_pretrain] step 22100 (362086400 tokens): train 0.1144, val(shake) 13.2465
[b_2M_seed1337_pretrain] step 22150 (362905600 tokens): train 0.1101, val(shake) 13.1879
[b_2M_seed1337_pretrain] step 22200 (363724800 tokens): train 0.1164, val(shake) 13.1318
[b_2M_seed1337_pretrain] step 22250 (364544000 tokens): train 0.1112, val(shake) 13.4786
[b_2M_seed1337_pretrain] step 22300 (365363200 tokens): train 0.1136, val(shake) 12.7185
[b_2M_seed1337_pretrain] step 22350 (366182400 tokens): train 0.1151, val(shake) 13.3493
[b_2M_seed1337_pretrain] step 22400 (367001600 tokens): train 0.1186, val(shake) 13.5167
[b_2M_seed1337_pretrain] step 22450 (367820800 tokens): train 0.1176, val(shake) 13.5819
[b_2M_seed1337_pretrain] step 22500 (368640000 tokens): train 0.1134, val(shake) 13.6261
[b_2M_seed1337_pretrain] step 22550 (369459200 tokens): train 0.1132, val(shake) 13.3344
[b_2M_seed1337_pretrain] step 22600 (370278400 tokens): train 0.1115, val(shake) 13.5313
[b_2M_seed1337_pretrain] step 22650 (371097600 tokens): train 0.1095, val(shake) 13.5504
[b_2M_seed1337_pretrain] step 22700 (371916800 tokens): train 0.1117, val(shake) 13.7998
[b_2M_seed1337_pretrain] step 22750 (372736000 tokens): train 0.1216, val(shake) 13.5713
[b_2M_seed1337_pretrain] step 22800 (373555200 tokens): train 0.1137, val(shake) 13.2597
[b_2M_seed1337_pretrain] step 22850 (374374400 tokens): train 0.1138, val(shake) 13.4019
[b_2M_seed1337_pretrain] step 22900 (375193600 tokens): train 0.1119, val(shake) 13.2496
[b_2M_seed1337_pretrain] step 22950 (376012800 tokens): train 0.1104, val(shake) 13.4503
[b_2M_seed1337_pretrain] step 23000 (376832000 tokens): train 0.1096, val(shake) 13.4937
[b_2M_seed1337_pretrain] step 23050 (377651200 tokens): train 0.1104, val(shake) 13.4316
[b_2M_seed1337_pretrain] step 23100 (378470400 tokens): train 0.1129, val(shake) 13.3614
[b_2M_seed1337_pretrain] step 23150 (379289600 tokens): train 0.1175, val(shake) 13.2593
[b_2M_seed1337_pretrain] step 23200 (380108800 tokens): train 0.1159, val(shake) 13.4932
[b_2M_seed1337_pretrain] step 23250 (380928000 tokens): train 0.1143, val(shake) 13.3529
[b_2M_seed1337_pretrain] step 23300 (381747200 tokens): train 0.1152, val(shake) 13.0675
[b_2M_seed1337_pretrain] step 23350 (382566400 tokens): train 0.1103, val(shake) 13.4878
[b_2M_seed1337_pretrain] step 23400 (383385600 tokens): train 0.1079, val(shake) 13.3154
[b_2M_seed1337_pretrain] step 23450 (384204800 tokens): train 0.1078, val(shake) 13.3728
[b_2M_seed1337_pretrain] step 23500 (385024000 tokens): train 0.1050, val(shake) 13.5295
[b_2M_seed1337_pretrain] step 23550 (385843200 tokens): train 0.1077, val(shake) 13.3784
[b_2M_seed1337_pretrain] step 23600 (386662400 tokens): train 0.1095, val(shake) 13.5501
[b_2M_seed1337_pretrain] step 23650 (387481600 tokens): train 0.1105, val(shake) 13.5260
[b_2M_seed1337_pretrain] step 23700 (388300800 tokens): train 0.1090, val(shake) 13.5574
[b_2M_seed1337_pretrain] step 23750 (389120000 tokens): train 0.1130, val(shake) 13.8454
[b_2M_seed1337_pretrain] step 23800 (389939200 tokens): train 0.1145, val(shake) 13.5077
[b_2M_seed1337_pretrain] step 23850 (390758400 tokens): train 0.1105, val(shake) 13.5897
[b_2M_seed1337_pretrain] step 23900 (391577600 tokens): train 0.1151, val(shake) 13.6530
[b_2M_seed1337_pretrain] step 23950 (392396800 tokens): train 0.1147, val(shake) 13.5693
[b_2M_seed1337_pretrain] step 24000 (393216000 tokens): train 0.1145, val(shake) 13.6658
[b_2M_seed1337_pretrain] step 24050 (394035200 tokens): train 0.1138, val(shake) 13.4406
[b_2M_seed1337_pretrain] step 24100 (394854400 tokens): train 0.1117, val(shake) 13.3985
[b_2M_seed1337_pretrain] step 24150 (395673600 tokens): train 0.1119, val(shake) 13.5351
[b_2M_seed1337_pretrain] step 24200 (396492800 tokens): train 0.1132, val(shake) 13.3584
[b_2M_seed1337_pretrain] step 24219 (396804096 tokens): train 0.1091, val(shake) 13.4391
